Share/ShareSDK/SampleShare_ccppg/proguard/seeds.txt
com.ccppg.appstore.MainActivity
com.ccppg.appstore.MainActivity: MainActivity()
com.ccppg.appstore.MainActivity: void onClick(android.view.View)
com.ccppg.appstore.R
com.ccppg.appstore.R: R()
com.ccppg.appstore.R$anim
com.ccppg.appstore.R$anim: int base_anim_set_001_fade_in
com.ccppg.appstore.R$anim: int base_anim_set_002_fade_out
com.ccppg.appstore.R$anim: R$anim()
com.ccppg.appstore.R$attr
com.ccppg.appstore.R$attr: R$attr()
com.ccppg.appstore.R$drawable
com.ccppg.appstore.R$drawable: int base_selector_share_wechat
com.ccppg.appstore.R$drawable: int base_selector_share_wechatmement
com.ccppg.appstore.R$drawable: int base_selector_share_weibo
com.ccppg.appstore.R$drawable: int ic_launcher
com.ccppg.appstore.R$drawable: int logo_sinaweibo
com.ccppg.appstore.R$drawable: int logo_sinaweibo_normal
com.ccppg.appstore.R$drawable: int logo_sinaweibo_pressed
com.ccppg.appstore.R$drawable: int logo_wechat
com.ccppg.appstore.R$drawable: int logo_wechat_normal
com.ccppg.appstore.R$drawable: int logo_wechat_pressed
com.ccppg.appstore.R$drawable: int logo_wechatmoments
com.ccppg.appstore.R$drawable: int logo_wechatmoments_normal
com.ccppg.appstore.R$drawable: int logo_wechatmoments_pressed
com.ccppg.appstore.R$drawable: int ssdk_auth_title_back
com.ccppg.appstore.R$drawable: int ssdk_back_arr
com.ccppg.appstore.R$drawable: int ssdk_logo
com.ccppg.appstore.R$drawable: int ssdk_title_div
com.ccppg.appstore.R$drawable: R$drawable()
com.ccppg.appstore.R$id
com.ccppg.appstore.R$id: int btnCancel
com.ccppg.appstore.R$id: int btnShare
com.ccppg.appstore.R$id: int iv_1
com.ccppg.appstore.R$id: int iv_2
com.ccppg.appstore.R$id: int iv_3
com.ccppg.appstore.R$id: int pop_layout
com.ccppg.appstore.R$id: int rlCancel
com.ccppg.appstore.R$id: int root
com.ccppg.appstore.R$id: int txt_1
com.ccppg.appstore.R$id: int txt_2
com.ccppg.appstore.R$id: int txt_3
com.ccppg.appstore.R$id: R$id()
com.ccppg.appstore.R$layout
com.ccppg.appstore.R$layout: int act_main
com.ccppg.appstore.R$layout: int base_share_popupwindow
com.ccppg.appstore.R$layout: R$layout()
com.ccppg.appstore.R$string
com.ccppg.appstore.R$string: int app_downloading
com.ccppg.appstore.R$string: int app_name
com.ccppg.appstore.R$string: int douban
com.ccppg.appstore.R$string: int download_faield
com.ccppg.appstore.R$string: int dropbox
com.ccppg.appstore.R$string: int email
com.ccppg.appstore.R$string: int evernote
com.ccppg.appstore.R$string: int facebook
com.ccppg.appstore.R$string: int failed_to_start_incentive_page
com.ccppg.appstore.R$string: int flickr
com.ccppg.appstore.R$string: int foursquare
com.ccppg.appstore.R$string: int google_plus_client_inavailable
com.ccppg.appstore.R$string: int googleplus
com.ccppg.appstore.R$string: int incentive_title
com.ccppg.appstore.R$string: int instagram
com.ccppg.appstore.R$string: int instagram_client_inavailable
com.ccppg.appstore.R$string: int kaixin
com.ccppg.appstore.R$string: int linkedin
com.ccppg.appstore.R$string: int mingdao
com.ccppg.appstore.R$string: int mingdao_share_content
com.ccppg.appstore.R$string: int neteasemicroblog
com.ccppg.appstore.R$string: int pinterest
com.ccppg.appstore.R$string: int pinterest_client_inavailable
com.ccppg.appstore.R$string: int qq
com.ccppg.appstore.R$string: int qq_client_inavailable
com.ccppg.appstore.R$string: int qzone
com.ccppg.appstore.R$string: int renren
com.ccppg.appstore.R$string: int share_to_mingdao
com.ccppg.appstore.R$string: int share_to_qzone
com.ccppg.appstore.R$string: int shortmessage
com.ccppg.appstore.R$string: int sinaweibo
com.ccppg.appstore.R$style
com.ccppg.appstore.R$style: int AnimFade
com.ccppg.appstore.R$style: int AppBaseTheme
com.ccppg.appstore.R$style: int AppTheme
com.ccppg.appstore.R$style: R$style()
com.ccppg.appstore.ShareUtil: void onClick(android.view.View)
com.ccppg.appstore.ShareUtil$CancelListener: void onClick(android.view.View)
com.ccppg.appstore.wxapi.WXEntryActivity
com.ccppg.appstore.wxapi.WXEntryActivity: WXEntryActivity()
...
cn.sharesdk.framework.h
cn.sharesdk.framework.h: java.lang.String[] a
cn.sharesdk.framework.h: cn.sharesdk.framework.g b
cn.sharesdk.framework.h: h(cn.sharesdk.framework.g,java.lang.String[])
cn.sharesdk.framework.h: void run()
cn.sharesdk.framework.i
cn.sharesdk.framework.i: int a
cn.sharesdk.framework.i: java.lang.Object b
cn.sharesdk.framework.i: cn.sharesdk.framework.g c
cn.sharesdk.framework.i: i(cn.sharesdk.framework.g,int,java.lang.Object)
cn.sharesdk.framework.i: void run()
cn.sharesdk.framework.j
cn.sharesdk.framework.j: j()
cn.sharesdk.framework.j: boolean shouldOverrideUrlLoading(android.webkit.WebView,java.lang.String)
cn.sharesdk.framework.j: void onPageStarted(android.webkit.WebView,java.lang.String,android.graphics.Bitmap)
cn.sharesdk.framework.j: void onPageFinished(android.webkit.WebView,java.lang.String)
cn.sharesdk.framework.j: void onLoadResource(android.webkit.WebView,java.lang.String)
cn.sharesdk.framework.j: void onTooManyRedirects(android.webkit.WebView,android.os.Message,android.os.Message)
cn.sharesdk.framework.j: void onReceivedError(android.webkit.WebView,int,java.lang.String,java.lang.String)
cn.sharesdk.framework.j: void onFormResubmission(android.webkit.WebView,android.os.Message,android.os.Message)
cn.sharesdk.framework.j: void doUpdateVisitedHistory(android.webkit.WebView,java.lang.String,boolean)
cn.sharesdk.framework.j: void onReceivedSslError(android.webkit.WebView,android.webkit.SslErrorHandler,android.net.http.SslError)
cn.sharesdk.framework.j: void onReceivedHttpAuthRequest(android.webkit.WebView,android.webkit.HttpAuthHandler,java.lang.String,java.lang.String)
cn.sharesdk.framework.j: boolean shouldOverrideKeyEvent(android.webkit.WebView,android.view.KeyEvent)
cn.sharesdk.framework.j: void onUnhandledKeyEvent(android.webkit.WebView,android.view.KeyEvent)
cn.sharesdk.framework.j: void onScaleChanged(android.webkit.WebView,float,float)
cn.sharesdk.framework.k
cn.sharesdk.framework.k: boolean a
cn.sharesdk.framework.k: k()
cn.sharesdk.framework.k: java.util.ArrayList a(android.content.Context)
cn.sharesdk.framework.k: android.content.pm.PackageInfo c(android.content.Context)
cn.sharesdk.framework.k: java.util.ArrayList a(android.content.pm.PackageInfo,android.content.Context)
cn.sharesdk.framework.k: java.util.ArrayList d(android.content.Context)
cn.sharesdk.framework.k: void a(java.util.ArrayList)
cn.sharesdk.framework.k: void a(android.content.Context,java.lang.String,android.os.Handler,boolean)
cn.sharesdk.framework.k: void b(android.content.Context)
cn.sharesdk.framework.k: void a(int,cn.sharesdk.framework.Platform)
cn.sharesdk.framework.k: void a(java.lang.String,int)
cn.sharesdk.framework.k: void a(cn.sharesdk.framework.m)
cn.sharesdk.framework.k: java.lang.String a(int,java.lang.String,java.util.HashMap)
cn.sharesdk.framework.k: boolean a(java.util.HashMap,java.util.HashMap)
cn.sharesdk.framework.k: java.lang.String a(android.content.Context,java.lang.String,java.lang.String,boolean,int,java.lang.String)
cn.sharesdk.framework.k: java.lang.String a(android.content.Context,java.lang.String)
cn.sharesdk.framework.k: java.lang.String a(android.content.Context,android.graphics.Bitmap)
cn.sharesdk.framework.k: java.lang.String a()
cn.sharesdk.framework.k: int b()
cn.sharesdk.framework.k: void <clinit>()
cn.sharesdk.framework.l
cn.sharesdk.framework.l: cn.sharesdk.framework.k a
cn.sharesdk.framework.l: l(cn.sharesdk.framework.k)
cn.sharesdk.framework.l: int a(cn.sharesdk.framework.Platform,cn.sharesdk.framework.Platform)
cn.sharesdk.framework.l: int compare(java.lang.Object,java.lang.Object)