Share/ShareSDK/SampleShare_ccppg/proguard/mapping.txt
com.ccppg.appstore.MainActivity -> com.ccppg.appstore.MainActivity:
    void onCreate(android.os.Bundle) -> onCreate
    void onClick(android.view.View) -> onClick
com.ccppg.appstore.R -> com.ccppg.appstore.R:
com.ccppg.appstore.R$anim -> com.ccppg.appstore.R$anim:
    int base_anim_set_001_fade_in -> base_anim_set_001_fade_in
    int base_anim_set_002_fade_out -> base_anim_set_002_fade_out
com.ccppg.appstore.R$attr -> com.ccppg.appstore.R$attr:
com.ccppg.appstore.R$drawable -> com.ccppg.appstore.R$drawable:
    int base_selector_share_wechat -> base_selector_share_wechat
    int base_selector_share_wechatmement -> base_selector_share_wechatmement
    int base_selector_share_weibo -> base_selector_share_weibo
    int ic_launcher -> ic_launcher
    int logo_sinaweibo -> logo_sinaweibo
    int logo_sinaweibo_normal -> logo_sinaweibo_normal
    int logo_sinaweibo_pressed -> logo_sinaweibo_pressed
    int logo_wechat -> logo_wechat
    int logo_wechat_normal -> logo_wechat_normal
    int logo_wechat_pressed -> logo_wechat_pressed
    int logo_wechatmoments -> logo_wechatmoments
    int logo_wechatmoments_normal -> logo_wechatmoments_normal
    int logo_wechatmoments_pressed -> logo_wechatmoments_pressed
    int ssdk_auth_title_back -> ssdk_auth_title_back
    int ssdk_back_arr -> ssdk_back_arr
    int ssdk_logo -> ssdk_logo
    int ssdk_title_div -> ssdk_title_div
com.ccppg.appstore.R$id -> com.ccppg.appstore.R$id:
    int btnCancel -> btnCancel
    int btnShare -> btnShare
    int iv_1 -> iv_1
    int iv_2 -> iv_2
    int iv_3 -> iv_3
    int pop_layout -> pop_layout
    int rlCancel -> rlCancel
    int root -> root
    int txt_1 -> txt_1
    int txt_2 -> txt_2
    int txt_3 -> txt_3
com.ccppg.appstore.R$layout -> com.ccppg.appstore.R$layout:
    int act_main -> act_main
    int base_share_popupwindow -> base_share_popupwindow
com.ccppg.appstore.R$string -> com.ccppg.appstore.R$string:
    int app_downloading -> app_downloading
    int app_name -> app_name
    int douban -> douban
    int download_faield -> download_faield
    int dropbox -> dropbox
    int email -> email
    int evernote -> evernote
    int facebook -> facebook
    int failed_to_start_incentive_page -> failed_to_start_incentive_page
    int flickr -> flickr
    int foursquare -> foursquare
    int google_plus_client_inavailable -> google_plus_client_inavailable
    int googleplus -> googleplus
    int incentive_title -> incentive_title
    int instagram -> instagram
    int instagram_client_inavailable -> instagram_client_inavailable
    int kaixin -> kaixin
    int linkedin -> linkedin
    int mingdao -> mingdao
    int mingdao_share_content -> mingdao_share_content
    int neteasemicroblog -> neteasemicroblog
    int pinterest -> pinterest
    int pinterest_client_inavailable -> pinterest_client_inavailable
    int qq -> qq
    int qq_client_inavailable -> qq_client_inavailable
    int qzone -> qzone
    int renren -> renren
    int share_to_mingdao -> share_to_mingdao
    int share_to_qzone -> share_to_qzone
    int shortmessage -> shortmessage
    int sinaweibo -> sinaweibo
    int sohumicroblog -> sohumicroblog
    int sohusuishenkan -> sohusuishenkan
    int tencentweibo -> tencentweibo
    int tumblr -> tumblr
    int twitter -> twitter
    int vkontakte -> vkontakte
    int website -> website
    int wechat -> wechat
com.ccppg.appstore.R$style -> com.ccppg.appstore.R$style:
    int AnimFade -> AnimFade
    int AppBaseTheme -> AppBaseTheme
    int AppTheme -> AppTheme
...
android.support.v4.view.ViewCompat$JBViewCompatImpl -> android.support.v4.view.aj:
    void postInvalidateOnAnimation(android.view.View) -> b
    void postInvalidateOnAnimation(android.view.View,int,int,int,int) -> a
    void postOnAnimation(android.view.View,java.lang.Runnable) -> a
    void setImportantForAccessibility(android.view.View,int) -> b
android.support.v4.view.ViewCompat$JbMr1ViewCompatImpl -> android.support.v4.view.ak:
    void setLayerPaint(android.view.View,android.graphics.Paint) -> a
    int getLayoutDirection(android.view.View) -> d
android.support.v4.view.ViewCompat$KitKatViewCompatImpl -> android.support.v4.view.al:
    void setImportantForAccessibility(android.view.View,int) -> b
android.support.v4.view.ViewCompat$ViewCompatImpl -> android.support.v4.view.am:
    boolean canScrollHorizontally(android.view.View,int) -> a
    int getOverScrollMode(android.view.View) -> a
    void setAccessibilityDelegate(android.view.View,android.support.v4.view.AccessibilityDelegateCompat) -> a
    void postInvalidateOnAnimation(android.view.View) -> b
    void postInvalidateOnAnimation(android.view.View,int,int,int,int) -> a
    void postOnAnimation(android.view.View,java.lang.Runnable) -> a
    void setImportantForAccessibility(android.view.View,int) -> b
    void setLayerType(android.view.View,int,android.graphics.Paint) -> a
    int getLayerType(android.view.View) -> c
    void setLayerPaint(android.view.View,android.graphics.Paint) -> a
    int getLayoutDirection(android.view.View) -> d
    boolean isOpaque(android.view.View) -> e
android.support.v4.view.ViewCompatEclairMr1 -> android.support.v4.view.an:
    boolean isOpaque(android.view.View) -> a
android.support.v4.view.ViewCompatGingerbread -> android.support.v4.view.ao:
    int getOverScrollMode(android.view.View) -> a
android.support.v4.view.ViewCompatHC -> android.support.v4.view.ap:
    long getFrameTime() -> a
    void setLayerType(android.view.View,int,android.graphics.Paint) -> a
    int getLayerType(android.view.View) -> a
android.support.v4.view.ViewCompatICS -> android.support.v4.view.aq:
    boolean canScrollHorizontally(android.view.View,int) -> a
    void setAccessibilityDelegate(android.view.View,java.lang.Object) -> a
android.support.v4.view.ViewCompatJB -> android.support.v4.view.ar:
    void postInvalidateOnAnimation(android.view.View) -> a
    void postInvalidateOnAnimation(android.view.View,int,int,int,int) -> a
    void postOnAnimation(android.view.View,java.lang.Runnable) -> a
    void setImportantForAccessibility(android.view.View,int) -> a
android.support.v4.view.ViewCompatJellybeanMr1 -> android.support.v4.view.as:
    void setLayerPaint(android.view.View,android.graphics.Paint) -> a
    int getLayoutDirection(android.view.View) -> a