Share/ShareSDK/SampleShare_ccppg/proguard/usage.txt
com.ccppg.appstore.BuildConfig
com.ccppg.appstore.SharePopupWindow:
    private android.graphics.drawable.Drawable background
    126:135:public void modifyAnimation(android.view.animation.Animation,android.view.animation.Animation)
    141:143:public void cancelAnimation()
    152:156:public void modifyBackground(android.graphics.drawable.Drawable)
...
android.support.v4.app.ShareCompatJB
android.support.v4.app.TaskStackBuilder
android.support.v4.app.TaskStackBuilder$SupportParentable
android.support.v4.app.TaskStackBuilder$TaskStackBuilderImpl
android.support.v4.app.TaskStackBuilder$TaskStackBuilderImplBase
android.support.v4.app.TaskStackBuilder$TaskStackBuilderImplHoneycomb
android.support.v4.app.TaskStackBuilder$TaskStackBuilderImplJellybean
android.support.v4.app.TaskStackBuilderHoneycomb
android.support.v4.app.TaskStackBuilderJellybean
android.support.v4.content.AsyncTaskLoader
android.support.v4.content.AsyncTaskLoader$LoadTask
android.support.v4.content.ContextCompat
android.support.v4.content.ContextCompatFroyo
android.support.v4.content.ContextCompatHoneycomb
android.support.v4.content.ContextCompatJellybean
android.support.v4.content.ContextCompatKitKat
android.support.v4.content.CursorLoader
android.support.v4.content.FileProvider
android.support.v4.content.FileProvider$PathStrategy
android.support.v4.content.FileProvider$SimplePathStrategy
android.support.v4.content.IntentCompat
android.support.v4.content.IntentCompat$IntentCompatImpl
android.support.v4.content.IntentCompat$IntentCompatImplBase
android.support.v4.content.IntentCompat$IntentCompatImplHC
android.support.v4.content.IntentCompat$IntentCompatImplIcsMr1
android.support.v4.content.IntentCompatHoneycomb
android.support.v4.content.IntentCompatIcsMr1
android.support.v4.content.Loader:
    android.content.Context mContext
    91:93:public Loader(android.content.Context)
    103:106:public void deliverResult(java.lang.Object)
    112:112:public android.content.Context getContext()
    119:119:public int getId()
    158:158:public boolean isStarted()
    167:167:public boolean isAbandoned()
    176:176:public boolean isReset()
    218:219:public void forceLoad()
    226:226:protected void onForceLoad()
    262:264:public void abandon()
    276:276:protected void onAbandon()
    314:317:public boolean takeContentChanged()
    328:329:public void commitContentChanged()
    339:342:public void rollbackContentChanged()
    353:361:public void onContentChanged()
android.support.v4.content.Loader$ForceLoadContentObserver
android.support.v4.content.Loader$OnLoadCompleteListener:
    public abstract void onLoadComplete(android.support.v4.content.Loader,java.lang.Object)
android.support.v4.content.LocalBroadcastManager
android.support.v4.content.LocalBroadcastManager$1
android.support.v4.content.LocalBroadcastManager$BroadcastRecord
android.support.v4.content.LocalBroadcastManager$ReceiverRecord
android.support.v4.content.ModernAsyncTask
android.support.v4.content.ModernAsyncTask$1
android.support.v4.content.ModernAsyncTask$2
android.support.v4.content.ModernAsyncTask$3
android.support.v4.content.ModernAsyncTask$4
android.support.v4.content.ModernAsyncTask$AsyncTaskResult
android.support.v4.content.ModernAsyncTask$InternalHandler
android.support.v4.content.ModernAsyncTask$Status
android.support.v4.content.ModernAsyncTask$WorkerRunnable
android.support.v4.content.WakefulBroadcastReceiver
android.support.v4.content.pm.ActivityInfoCompat
android.support.v4.database.DatabaseUtilsCompat
android.support.v4.graphics.drawable.DrawableCompat
android.support.v4.graphics.drawable.DrawableCompat$BaseDrawableImpl
android.support.v4.graphics.drawable.DrawableCompat$DrawableImpl
android.support.v4.graphics.drawable.DrawableCompat$HoneycombDrawableImpl
android.support.v4.graphics.drawable.DrawableCompat$KitKatDrawableImpl
android.support.v4.graphics.drawable.DrawableCompatHoneycomb
android.support.v4.graphics.drawable.DrawableCompatKitKat
android.support.v4.hardware.display.DisplayManagerCompat
android.support.v4.hardware.display.DisplayManagerCompat$JellybeanMr1Impl
android.support.v4.hardware.display.DisplayManagerCompat$LegacyImpl
android.support.v4.hardware.display.DisplayManagerJellybeanMr1
android.support.v4.internal.view.SupportMenu
android.support.v4.internal.view.SupportMenuItem